<?xml version="1.0" encoding="UTF-8"?>
<!-- Generated by org.testng.reporters.JUnitReportReporter -->
<testsuite hostname="192.168.1.8" failures="0" tests="1" name="test.TestSuiteRegister" time="6.006" errors="0" timestamp="2024-04-25T22:35:55 COT" skipped="0">
  <testcase classname="test.TestSuiteRegister" name="registroDeportista" time="6.006"/>
</testsuite> <!-- test.TestSuiteRegister -->
