<?xml version="1.0" encoding="UTF-8"?>
<!-- Generated by org.testng.reporters.JUnitReportReporter -->
<testsuite hostname="192.168.1.8" failures="0" tests="2" name="pruebas.BaseTestSuite" time="14.310" errors="0" timestamp="2024-04-25T20:42:49 COT" skipped="0">
  <testcase classname="pruebas.BaseTestSuite" name="clickTuEspacioIngresar" time="6.711"/>
  <testcase classname="pruebas.BaseTestSuite" name="clickTuEspacioSalir" time="7.599"/>
</testsuite> <!-- pruebas.BaseTestSuite -->
