<?xml version="1.0" encoding="UTF-8"?>
<!-- Generated by org.testng.reporters.JUnitReportReporter -->
<testsuite hostname="192.168.1.8" failures="0" tests="2" name="test.TestSuiteBase" time="13.454" errors="0" timestamp="2024-04-25T22:35:55 COT" skipped="0">
  <testcase classname="test.TestSuiteBase" name="clickTuEspacioIngresar" time="8.560"/>
  <testcase classname="test.TestSuiteBase" name="clickTuEspacioSalir" time="4.894"/>
</testsuite> <!-- test.TestSuiteBase -->
