<?xml version="1.0" encoding="UTF-8"?>
<!-- Generated by org.testng.reporters.JUnitReportReporter -->
<testsuite hostname="192.168.1.8" failures="0" tests="2" name="pruebas.TestSuiteBase" time="13.224" errors="0" timestamp="2024-04-25T23:59:39 COT" skipped="0">
  <testcase classname="pruebas.TestSuiteBase" name="clickTuEspacioIngresar" time="9.099"/>
  <testcase classname="pruebas.TestSuiteBase" name="clickTuEspacioSalir" time="4.125"/>
</testsuite> <!-- pruebas.TestSuiteBase -->
