<?xml version="1.0" encoding="UTF-8"?>
<!-- Generated by org.testng.reporters.JUnitReportReporter -->
<testsuite hostname="192.168.1.8" failures="0" tests="1" name="pruebas.RegisterTestSuite" time="7.311" errors="0" timestamp="2024-04-25T20:42:49 COT" skipped="0">
  <testcase classname="pruebas.RegisterTestSuite" name="registroDeportista" time="7.311"/>
</testsuite> <!-- pruebas.RegisterTestSuite -->
