<?xml version="1.0" encoding="UTF-8"?>
<!-- Generated by org.testng.reporters.JUnitReportReporter -->
<testsuite hostname="192.168.1.8" failures="0" tests="1" name="pruebas.TestSuiteRegister" time="6.037" errors="0" timestamp="2024-04-25T23:59:39 COT" skipped="0">
  <testcase classname="pruebas.TestSuiteRegister" name="registroDeportista" time="6.037"/>
</testsuite> <!-- pruebas.TestSuiteRegister -->
